<?xml version="1.0" encoding="UTF-8"?>
<!-- Generated by org.testng.reporters.JUnitReportReporter -->
<testsuite hostname="BDC11-L-1344B62" failures="0" tests="2" name="Demo1.LaunchingBrowser" time="44.970" errors="0" timestamp="2024-11-30T01:22:15 IST" skipped="0">
  <testcase classname="Demo1.LaunchingBrowser" name="Signin" time="24.290"/>
  <testcase classname="Demo1.LaunchingBrowser" name="EnterDetails" time="20.680"/>
</testsuite> <!-- Demo1.LaunchingBrowser -->
