<?xml version="1.0" encoding="UTF-8"?>
<!-- Generated by org.testng.reporters.JUnitReportReporter -->
<testsuite hostname="BDC11-L-1344B62" failures="0" tests="2" name="Demo.SignInAmazonAccount" time="42.984" errors="0" timestamp="2024-11-30T01:25:29 IST" skipped="0">
  <testcase classname="Demo.SignInAmazonAccount" name="Signin" time="22.391"/>
  <testcase classname="Demo.SignInAmazonAccount" name="EnterDetails" time="20.593"/>
</testsuite> <!-- Demo.SignInAmazonAccount -->
