<?xml version="1.0" encoding="UTF-8"?>
<!-- Generated by org.testng.reporters.JUnitReportReporter -->
<testsuite hostname="BDC11-L-1344B62" failures="0" tests="1" name="Demo1.SmokeSuite.AddToCart" time="13.775" errors="0" timestamp="2024-11-30T01:40:52 IST" skipped="0">
  <testcase classname="Demo1.SmokeSuite.AddToCart" name="FindTheItem" time="13.775"/>
</testsuite> <!-- Demo1.SmokeSuite.AddToCart -->
