<?xml version="1.0" encoding="UTF-8"?>
<!-- Generated by org.testng.reporters.JUnitReportReporter -->
<testsuite hostname="BDC11-L-1344B62" failures="0" tests="2" name="Demo1.SmokeSuite.AmazonTestSuite" time="70.748" errors="0" timestamp="2024-12-14T23:08:21 IST" skipped="0">
  <testcase classname="Demo1.SmokeSuite.AmazonTestSuite" name="AddToCartTest" time="43.836"/>
  <testcase classname="Demo1.SmokeSuite.AmazonTestSuite" name="ChangeCountryTest" time="26.912"/>
</testsuite> <!-- Demo1.SmokeSuite.AmazonTestSuite -->
